<?xml version="1.0" encoding="UTF-8"?>
<testng-results total="4" passed="4" failed="0" skipped="0">
  <reporter-output>
  </reporter-output>
  <suite started-at="2019-04-18T14:26:33Z" name="Suite" finished-at="2019-04-18T14:26:33Z" duration-ms="44">
    <groups>
    </groups>
    <test started-at="2019-04-18T14:26:33Z" name="Test" finished-at="2019-04-18T14:26:33Z" duration-ms="44">
      <class name="paramTest">
        <test-method is-config="true" signature="initialize()[pri:0, instance:paramTest@984169e]" started-at="2019-04-18T22:26:33Z" name="initialize" finished-at="2019-04-18T22:26:33Z" duration-ms="11" status="PASS">
          <reporter-output>
          </reporter-output>
        </test-method> <!-- initialize -->
        <test-method signature="initial(java.lang.String, java.lang.String, java.lang.String, java.lang.String, int, int, int, int, double)[pri:0, instance:paramTest@984169e]" started-at="2019-04-18T22:26:33Z" name="initial" data-provider="test1" finished-at="2019-04-18T22:26:33Z" duration-ms="3" status="PASS">
          <params>
            <param index="0">
              <value>
                <![CDATA[in]]>
              </value>
            </param>
            <param index="1">
              <value>
                <![CDATA[T]]>
              </value>
            </param>
            <param index="2">
              <value>
                <![CDATA[A]]>
              </value>
            </param>
            <param index="3">
              <value>
                <![CDATA[J]]>
              </value>
            </param>
            <param index="4">
              <value>
                <![CDATA[3333]]>
              </value>
            </param>
            <param index="5">
              <value>
                <![CDATA[3]]>
              </value>
            </param>
            <param index="6">
              <value>
                <![CDATA[198]]>
              </value>
            </param>
            <param index="7">
              <value>
                <![CDATA[90]]>
              </value>
            </param>
            <param index="8">
              <value>
                <![CDATA[1499.85]]>
              </value>
            </param>
          </params>
          <reporter-output>
          </reporter-output>
        </test-method> <!-- initial -->
        <test-method signature="initial(java.lang.String, java.lang.String, java.lang.String, java.lang.String, int, int, int, int, double)[pri:0, instance:paramTest@984169e]" started-at="2019-04-18T22:26:33Z" name="initial" data-provider="test1" finished-at="2019-04-18T22:26:33Z" duration-ms="1" status="PASS">
          <params>
            <param index="0">
              <value>
                <![CDATA[in]]>
              </value>
            </param>
            <param index="1">
              <value>
                <![CDATA[T]]>
              </value>
            </param>
            <param index="2">
              <value>
                <![CDATA[A]]>
              </value>
            </param>
            <param index="3">
              <value>
                <![CDATA[W]]>
              </value>
            </param>
            <param index="4">
              <value>
                <![CDATA[3333]]>
              </value>
            </param>
            <param index="5">
              <value>
                <![CDATA[3]]>
              </value>
            </param>
            <param index="6">
              <value>
                <![CDATA[243]]>
              </value>
            </param>
            <param index="7">
              <value>
                <![CDATA[90]]>
              </value>
            </param>
            <param index="8">
              <value>
                <![CDATA[2499.75]]>
              </value>
            </param>
          </params>
          <reporter-output>
          </reporter-output>
        </test-method> <!-- initial -->
        <test-method is-config="true" signature="initialize()[pri:0, instance:paramTest@984169e]" started-at="2019-04-18T22:26:33Z" name="initialize" finished-at="2019-04-18T22:26:33Z" duration-ms="0" status="PASS">
          <reporter-output>
          </reporter-output>
        </test-method> <!-- initialize -->
        <test-method is-config="true" signature="initialize()[pri:0, instance:paramTest@984169e]" started-at="2019-04-18T22:26:33Z" name="initialize" finished-at="2019-04-18T22:26:33Z" duration-ms="0" status="PASS">
          <reporter-output>
          </reporter-output>
        </test-method> <!-- initialize -->
        <test-method signature="initial(java.lang.String, java.lang.String, java.lang.String, java.lang.String, int, int, int, int, double)[pri:0, instance:paramTest@984169e]" started-at="2019-04-18T22:26:33Z" name="initial" data-provider="test1" finished-at="2019-04-18T22:26:33Z" duration-ms="0" status="PASS">
          <params>
            <param index="0">
              <value>
                <![CDATA[in]]>
              </value>
            </param>
            <param index="1">
              <value>
                <![CDATA[T]]>
              </value>
            </param>
            <param index="2">
              <value>
                <![CDATA[A]]>
              </value>
            </param>
            <param index="3">
              <value>
                <![CDATA[W]]>
              </value>
            </param>
            <param index="4">
              <value>
                <![CDATA[3333]]>
              </value>
            </param>
            <param index="5">
              <value>
                <![CDATA[3]]>
              </value>
            </param>
            <param index="6">
              <value>
                <![CDATA[243]]>
              </value>
            </param>
            <param index="7">
              <value>
                <![CDATA[90]]>
              </value>
            </param>
            <param index="8">
              <value>
                <![CDATA[2499.75]]>
              </value>
            </param>
          </params>
          <reporter-output>
          </reporter-output>
        </test-method> <!-- initial -->
        <test-method signature="initial(java.lang.String, java.lang.String, java.lang.String, java.lang.String, int, int, int, int, double)[pri:0, instance:paramTest@984169e]" started-at="2019-04-18T22:26:33Z" name="initial" data-provider="test1" finished-at="2019-04-18T22:26:33Z" duration-ms="1" status="PASS">
          <params>
            <param index="0">
              <value>
                <![CDATA[in]]>
              </value>
            </param>
            <param index="1">
              <value>
                <![CDATA[T]]>
              </value>
            </param>
            <param index="2">
              <value>
                <![CDATA[A]]>
              </value>
            </param>
            <param index="3">
              <value>
                <![CDATA[W]]>
              </value>
            </param>
            <param index="4">
              <value>
                <![CDATA[3333]]>
              </value>
            </param>
            <param index="5">
              <value>
                <![CDATA[3]]>
              </value>
            </param>
            <param index="6">
              <value>
                <![CDATA[243]]>
              </value>
            </param>
            <param index="7">
              <value>
                <![CDATA[90]]>
              </value>
            </param>
            <param index="8">
              <value>
                <![CDATA[2499.75]]>
              </value>
            </param>
          </params>
          <reporter-output>
          </reporter-output>
        </test-method> <!-- initial -->
        <test-method is-config="true" signature="initialize()[pri:0, instance:paramTest@984169e]" started-at="2019-04-18T22:26:33Z" name="initialize" finished-at="2019-04-18T22:26:33Z" duration-ms="0" status="PASS">
          <reporter-output>
          </reporter-output>
        </test-method> <!-- initialize -->
      </class> <!-- paramTest -->
    </test> <!-- Test -->
  </suite> <!-- Suite -->
</testng-results>
